[0.592s] DEBUG:colcon:Command line arguments: ['/usr/bin/colcon', 'build']
[0.592s] DEBUG:colcon:Parsed command line arguments: Namespace(log_base=None, log_level=None, verb_name='build', build_base='build', install_base='install', merge_install=False, symlink_install=False, test_result_base=None, continue_on_error=False, executor='parallel', parallel_workers=12, event_handlers=None, ignore_user_meta=False, metas=['./colcon.meta'], base_paths=['.'], packages_ignore=None, packages_ignore_regex=None, paths=None, packages_up_to=None, packages_up_to_regex=None, packages_above=None, packages_above_and_dependencies=None, packages_above_depth=None, packages_select_by_dep=None, packages_skip_by_dep=None, packages_skip_up_to=None, packages_select_build_failed=False, packages_skip_build_finished=False, packages_select_test_failures=False, packages_skip_test_passed=False, packages_select=None, packages_skip=None, packages_select_regex=None, packages_skip_regex=None, packages_start=None, packages_end=None, allow_overriding=[], cmake_args=None, cmake_target=None, cmake_target_skip_unavailable=False, cmake_clean_cache=False, cmake_clean_first=False, cmake_force_configure=False, ament_cmake_args=None, catkin_cmake_args=None, catkin_skip_building_tests=False, mixin_files=None, mixin=None, verb_parser=<colcon_mixin.mixin.mixin_argument.MixinArgumentDecorator object at 0xffff924e3760>, verb_extension=<colcon_core.verb.build.BuildVerb object at 0xffff9242c730>, main=<bound method BuildVerb.main of <colcon_core.verb.build.BuildVerb object at 0xffff9242c730>>, mixin_verb=('build',))
[1.310s] Level 1:colcon.colcon_core.package_discovery:discover_packages(colcon_meta) check parameters
[1.310s] Level 1:colcon.colcon_core.package_discovery:discover_packages(recursive) check parameters
[1.310s] Level 1:colcon.colcon_core.package_discovery:discover_packages(ignore) check parameters
[1.310s] Level 1:colcon.colcon_core.package_discovery:discover_packages(path) check parameters
[1.310s] Level 1:colcon.colcon_core.package_discovery:discover_packages(colcon_meta) discover
[1.310s] Level 1:colcon.colcon_core.package_discovery:discover_packages(recursive) discover
[1.310s] INFO:colcon.colcon_core.package_discovery:Crawling recursively for packages in '/home/hazbot/hazbot'
[1.311s] Level 1:colcon.colcon_core.package_identification:_identify(.) by extensions ['ignore', 'ignore_ament_install']
[1.311s] Level 1:colcon.colcon_core.package_identification:_identify(.) by extension 'ignore'
[1.311s] Level 1:colcon.colcon_core.package_identification:_identify(.) by extension 'ignore_ament_install'
[1.311s] Level 1:colcon.colcon_core.package_identification:_identify(.) by extensions ['colcon_pkg']
[1.311s] Level 1:colcon.colcon_core.package_identification:_identify(.) by extension 'colcon_pkg'
[1.311s] Level 1:colcon.colcon_core.package_identification:_identify(.) by extensions ['colcon_meta']
[1.311s] Level 1:colcon.colcon_core.package_identification:_identify(.) by extension 'colcon_meta'
[1.311s] Level 1:colcon.colcon_core.package_identification:_identify(.) by extensions ['ros']
[1.312s] Level 1:colcon.colcon_core.package_identification:_identify(.) by extension 'ros'
[1.339s] Level 1:colcon.colcon_core.package_identification:_identify(.) by extensions ['cmake', 'python']
[1.339s] Level 1:colcon.colcon_core.package_identification:_identify(.) by extension 'cmake'
[1.340s] Level 1:colcon.colcon_core.package_identification:_identify(.) by extension 'python'
[1.340s] Level 1:colcon.colcon_core.package_identification:_identify(.) by extensions ['python_setup_py']
[1.340s] Level 1:colcon.colcon_core.package_identification:_identify(.) by extension 'python_setup_py'
[1.340s] Level 1:colcon.colcon_core.package_identification:_identify(build) by extensions ['ignore', 'ignore_ament_install']
[1.340s] Level 1:colcon.colcon_core.package_identification:_identify(build) by extension 'ignore'
[1.340s] Level 1:colcon.colcon_core.package_identification:_identify(build) ignored
[1.341s] Level 1:colcon.colcon_core.package_identification:_identify(install) by extensions ['ignore', 'ignore_ament_install']
[1.341s] Level 1:colcon.colcon_core.package_identification:_identify(install) by extension 'ignore'
[1.341s] Level 1:colcon.colcon_core.package_identification:_identify(install) ignored
[1.341s] Level 1:colcon.colcon_core.package_identification:_identify(log) by extensions ['ignore', 'ignore_ament_install']
[1.341s] Level 1:colcon.colcon_core.package_identification:_identify(log) by extension 'ignore'
[1.342s] Level 1:colcon.colcon_core.package_identification:_identify(log) ignored
[1.342s] Level 1:colcon.colcon_core.package_identification:_identify(src) by extensions ['ignore', 'ignore_ament_install']
[1.342s] Level 1:colcon.colcon_core.package_identification:_identify(src) by extension 'ignore'
[1.342s] Level 1:colcon.colcon_core.package_identification:_identify(src) by extension 'ignore_ament_install'
[1.342s] Level 1:colcon.colcon_core.package_identification:_identify(src) by extensions ['colcon_pkg']
[1.342s] Level 1:colcon.colcon_core.package_identification:_identify(src) by extension 'colcon_pkg'
[1.342s] Level 1:colcon.colcon_core.package_identification:_identify(src) by extensions ['colcon_meta']
[1.342s] Level 1:colcon.colcon_core.package_identification:_identify(src) by extension 'colcon_meta'
[1.343s] Level 1:colcon.colcon_core.package_identification:_identify(src) by extensions ['ros']
[1.343s] Level 1:colcon.colcon_core.package_identification:_identify(src) by extension 'ros'
[1.343s] Level 1:colcon.colcon_core.package_identification:_identify(src) by extensions ['cmake', 'python']
[1.343s] Level 1:colcon.colcon_core.package_identification:_identify(src) by extension 'cmake'
[1.343s] Level 1:colcon.colcon_core.package_identification:_identify(src) by extension 'python'
[1.343s] Level 1:colcon.colcon_core.package_identification:_identify(src) by extensions ['python_setup_py']
[1.343s] Level 1:colcon.colcon_core.package_identification:_identify(src) by extension 'python_setup_py'
[1.343s] Level 1:colcon.colcon_core.package_identification:_identify(src/dobot_m1) by extensions ['ignore', 'ignore_ament_install']
[1.344s] Level 1:colcon.colcon_core.package_identification:_identify(src/dobot_m1) by extension 'ignore'
[1.344s] Level 1:colcon.colcon_core.package_identification:_identify(src/dobot_m1) by extension 'ignore_ament_install'
[1.344s] Level 1:colcon.colcon_core.package_identification:_identify(src/dobot_m1) by extensions ['colcon_pkg']
[1.344s] Level 1:colcon.colcon_core.package_identification:_identify(src/dobot_m1) by extension 'colcon_pkg'
[1.344s] Level 1:colcon.colcon_core.package_identification:_identify(src/dobot_m1) by extensions ['colcon_meta']
[1.344s] Level 1:colcon.colcon_core.package_identification:_identify(src/dobot_m1) by extension 'colcon_meta'
[1.344s] Level 1:colcon.colcon_core.package_identification:_identify(src/dobot_m1) by extensions ['ros']
[1.344s] Level 1:colcon.colcon_core.package_identification:_identify(src/dobot_m1) by extension 'ros'
[1.349s] DEBUG:colcon.colcon_core.package_identification:Package 'src/dobot_m1' with type 'ros.ament_cmake' and name 'dobot_m1'
[1.350s] Level 1:colcon.colcon_core.package_identification:_identify(src/driver) by extensions ['ignore', 'ignore_ament_install']
[1.350s] Level 1:colcon.colcon_core.package_identification:_identify(src/driver) by extension 'ignore'
[1.350s] Level 1:colcon.colcon_core.package_identification:_identify(src/driver) by extension 'ignore_ament_install'
[1.350s] Level 1:colcon.colcon_core.package_identification:_identify(src/driver) by extensions ['colcon_pkg']
[1.350s] Level 1:colcon.colcon_core.package_identification:_identify(src/driver) by extension 'colcon_pkg'
[1.350s] Level 1:colcon.colcon_core.package_identification:_identify(src/driver) by extensions ['colcon_meta']
[1.351s] Level 1:colcon.colcon_core.package_identification:_identify(src/driver) by extension 'colcon_meta'
[1.351s] Level 1:colcon.colcon_core.package_identification:_identify(src/driver) by extensions ['ros']
[1.351s] Level 1:colcon.colcon_core.package_identification:_identify(src/driver) by extension 'ros'
[1.353s] DEBUG:colcon.colcon_core.package_identification:Package 'src/driver' with type 'ros.ament_python' and name 'driver'
[1.353s] Level 1:colcon.colcon_core.package_discovery:discover_packages(recursive) using defaults
[1.353s] Level 1:colcon.colcon_core.package_discovery:discover_packages(ignore) discover
[1.353s] Level 1:colcon.colcon_core.package_discovery:discover_packages(ignore) using defaults
[1.353s] Level 1:colcon.colcon_core.package_discovery:discover_packages(path) discover
[1.353s] Level 1:colcon.colcon_core.package_discovery:discover_packages(path) using defaults
[1.445s] Level 1:colcon.colcon_core.package_discovery:discover_packages(prefix_path) check parameters
[1.445s] Level 1:colcon.colcon_core.package_discovery:discover_packages(prefix_path) discover
[1.481s] DEBUG:colcon.colcon_installed_package_information.package_discovery:Found 16 installed packages in /home/hazbot/zed2_ws/install
[1.499s] DEBUG:colcon.colcon_installed_package_information.package_discovery:Found 346 installed packages in /home/hazbot/ros2_humble/install
[1.503s] DEBUG:colcon.colcon_installed_package_information.package_discovery:Found 2 installed packages in /home/hazbot/hazbot/install
[1.506s] DEBUG:colcon.colcon_installed_package_information.package_discovery:Found 337 installed packages in /opt/ros/humble
[1.527s] Level 1:colcon.colcon_core.package_discovery:discover_packages(prefix_path) using defaults
[1.675s] Level 5:colcon.colcon_core.verb:set package 'dobot_m1' build argument 'cmake_args' from command line to 'None'
[1.676s] Level 5:colcon.colcon_core.verb:set package 'dobot_m1' build argument 'cmake_target' from command line to 'None'
[1.676s] Level 5:colcon.colcon_core.verb:set package 'dobot_m1' build argument 'cmake_target_skip_unavailable' from command line to 'False'
[1.676s] Level 5:colcon.colcon_core.verb:set package 'dobot_m1' build argument 'cmake_clean_cache' from command line to 'False'
[1.676s] Level 5:colcon.colcon_core.verb:set package 'dobot_m1' build argument 'cmake_clean_first' from command line to 'False'
[1.676s] Level 5:colcon.colcon_core.verb:set package 'dobot_m1' build argument 'cmake_force_configure' from command line to 'False'
[1.676s] Level 5:colcon.colcon_core.verb:set package 'dobot_m1' build argument 'ament_cmake_args' from command line to 'None'
[1.676s] Level 5:colcon.colcon_core.verb:set package 'dobot_m1' build argument 'catkin_cmake_args' from command line to 'None'
[1.676s] Level 5:colcon.colcon_core.verb:set package 'dobot_m1' build argument 'catkin_skip_building_tests' from command line to 'False'
[1.676s] DEBUG:colcon.colcon_core.verb:Building package 'dobot_m1' with the following arguments: {'ament_cmake_args': None, 'build_base': '/home/hazbot/hazbot/build/dobot_m1', 'catkin_cmake_args': None, 'catkin_skip_building_tests': False, 'cmake_args': None, 'cmake_clean_cache': False, 'cmake_clean_first': False, 'cmake_force_configure': False, 'cmake_target': None, 'cmake_target_skip_unavailable': False, 'install_base': '/home/hazbot/hazbot/install/dobot_m1', 'merge_install': False, 'path': '/home/hazbot/hazbot/src/dobot_m1', 'symlink_install': False, 'test_result_base': None}
[1.677s] Level 5:colcon.colcon_core.verb:set package 'driver' build argument 'cmake_args' from command line to 'None'
[1.677s] Level 5:colcon.colcon_core.verb:set package 'driver' build argument 'cmake_target' from command line to 'None'
[1.677s] Level 5:colcon.colcon_core.verb:set package 'driver' build argument 'cmake_target_skip_unavailable' from command line to 'False'
[1.677s] Level 5:colcon.colcon_core.verb:set package 'driver' build argument 'cmake_clean_cache' from command line to 'False'
[1.677s] Level 5:colcon.colcon_core.verb:set package 'driver' build argument 'cmake_clean_first' from command line to 'False'
[1.677s] Level 5:colcon.colcon_core.verb:set package 'driver' build argument 'cmake_force_configure' from command line to 'False'
[1.677s] Level 5:colcon.colcon_core.verb:set package 'driver' build argument 'ament_cmake_args' from command line to 'None'
[1.677s] Level 5:colcon.colcon_core.verb:set package 'driver' build argument 'catkin_cmake_args' from command line to 'None'
[1.677s] Level 5:colcon.colcon_core.verb:set package 'driver' build argument 'catkin_skip_building_tests' from command line to 'False'
[1.678s] DEBUG:colcon.colcon_core.verb:Building package 'driver' with the following arguments: {'ament_cmake_args': None, 'build_base': '/home/hazbot/hazbot/build/driver', 'catkin_cmake_args': None, 'catkin_skip_building_tests': False, 'cmake_args': None, 'cmake_clean_cache': False, 'cmake_clean_first': False, 'cmake_force_configure': False, 'cmake_target': None, 'cmake_target_skip_unavailable': False, 'install_base': '/home/hazbot/hazbot/install/driver', 'merge_install': False, 'path': '/home/hazbot/hazbot/src/driver', 'symlink_install': False, 'test_result_base': None}
[1.678s] INFO:colcon.colcon_core.executor:Executing jobs using 'parallel' executor
[1.680s] DEBUG:colcon.colcon_parallel_executor.executor.parallel:run_until_complete
[1.681s] INFO:colcon.colcon_ros.task.ament_cmake.build:Building ROS package in '/home/hazbot/hazbot/src/dobot_m1' with build type 'ament_cmake'
[1.681s] INFO:colcon.colcon_cmake.task.cmake.build:Building CMake package in '/home/hazbot/hazbot/src/dobot_m1'
[1.694s] INFO:colcon.colcon_core.plugin_system:Skipping extension 'colcon_core.shell.bat': Not used on non-Windows systems
[1.695s] INFO:colcon.colcon_core.shell:Skip shell extension 'powershell' for command environment: Not usable outside of PowerShell
[1.695s] DEBUG:colcon.colcon_core.shell:Skip shell extension 'dsv' for command environment
[1.750s] INFO:colcon.colcon_ros.task.ament_python.build:Building ROS package in '/home/hazbot/hazbot/src/driver' with build type 'ament_python'
[1.750s] Level 1:colcon.colcon_core.shell:create_environment_hook('driver', 'ament_prefix_path')
[1.751s] INFO:colcon.colcon_core.shell:Creating environment hook '/home/hazbot/hazbot/install/driver/share/driver/hook/ament_prefix_path.ps1'
[1.752s] INFO:colcon.colcon_core.shell:Creating environment descriptor '/home/hazbot/hazbot/install/driver/share/driver/hook/ament_prefix_path.dsv'
[1.753s] INFO:colcon.colcon_core.shell:Creating environment hook '/home/hazbot/hazbot/install/driver/share/driver/hook/ament_prefix_path.sh'
[1.755s] INFO:colcon.colcon_core.shell:Skip shell extension 'powershell' for command environment: Not usable outside of PowerShell
[1.755s] DEBUG:colcon.colcon_core.shell:Skip shell extension 'dsv' for command environment
[1.819s] DEBUG:colcon.colcon_core.event_handler.log_command:Invoking command in '/home/hazbot/hazbot/build/dobot_m1': CMAKE_PREFIX_PATH=${CMAKE_PREFIX_PATH}:/home/hazbot/hazbot/install/driver:/home/hazbot/ros2_humble/install/rqt_bag_plugins:/home/hazbot/ros2_humble/install/rqt_bag:/home/hazbot/ros2_humble/install/launch_testing_examples:/home/hazbot/ros2_humble/install/ros2bag:/home/hazbot/ros2_humble/install/tracetools_test:/home/hazbot/ros2_humble/install/tracetools_launch:/home/hazbot/ros2_humble/install/topic_monitor:/home/hazbot/ros2_humble/install/tf2_tools:/home/hazbot/ros2_humble/install/examples_tf2_py:/home/hazbot/ros2_humble/install/tf2_ros_py:/home/hazbot/ros2_humble/install/sros2:/home/hazbot/ros2_humble/install/rqt_topic:/home/hazbot/ros2_humble/install/rqt_srv:/home/hazbot/ros2_humble/install/rqt_shell:/home/hazbot/ros2_humble/install/rqt_service_caller:/home/hazbot/ros2_humble/install/rqt_reconfigure:/home/hazbot/ros2_humble/install/rqt_py_console:/home/hazbot/ros2_humble/install/rqt_publisher:/home/hazbot/ros2_humble/install/rqt_plot:/home/hazbot/ros2_humble/install/rqt_action:/home/hazbot/ros2_humble/install/rqt_msg:/home/hazbot/ros2_humble/install/rqt_console:/home/hazbot/ros2_humble/install/rqt:/home/hazbot/ros2_humble/install/rqt_graph:/home/hazbot/ros2_humble/install/rqt_gui_py:/home/hazbot/ros2_humble/install/rqt_gui:/home/hazbot/ros2_humble/install/ros2trace:/home/hazbot/ros2_humble/install/ros2topic:/home/hazbot/ros2_humble/install/ros2test:/home/hazbot/ros2_humble/install/ros2component:/home/hazbot/ros2_humble/install/ros2param:/home/hazbot/ros2_humble/install/ros2lifecycle:/home/hazbot/ros2_humble/install/ros2service:/home/hazbot/ros2_humble/install/ros2run:/home/hazbot/ros2_humble/install/ros2launch:/home/hazbot/ros2_humble/install/ros2pkg:/home/hazbot/ros2_humble/install/ros2node:/home/hazbot/ros2_humble/install/ros2multicast:/home/hazbot/ros2_humble/install/ros2interface:/home/hazbot/ros2_humble/install/ros2doctor:/home/hazbot/ros2_humble/install/ros2action:/home/hazbot/ros2_humble/install/ros2cli:/home/hazbot/ros2_humble/install/quality_of_service_demo_py:/home/hazbot/ros2_humble/install/lifecycle_py:/home/hazbot/ros2_humble/install/launch_testing_ros:/home/hazbot/ros2_humble/install/launch_ros:/home/hazbot/ros2_humble/install/examples_rclpy_pointcloud_publisher:/home/hazbot/ros2_humble/install/examples_rclpy_minimal_subscriber:/home/hazbot/ros2_humble/install/examples_rclpy_minimal_service:/home/hazbot/ros2_humble/install/examples_rclpy_minimal_publisher:/home/hazbot/ros2_humble/install/examples_rclpy_minimal_client:/home/hazbot/ros2_humble/install/examples_rclpy_minimal_action_server:/home/hazbot/ros2_humble/install/examples_rclpy_minimal_action_client:/home/hazbot/ros2_humble/install/examples_rclpy_guard_conditions:/home/hazbot/ros2_humble/install/examples_rclpy_executors:/home/hazbot/ros2_humble/install/demo_nodes_py:/home/hazbot/ros2_humble/install/camera_info_manager_py:/home/hazbot/ros2_humble/install/action_tutorials_py:/home/hazbot/ros2_humble/install/ament_uncrustify:/home/hazbot/ros2_humble/install/tracetools_trace:/home/hazbot/ros2_humble/install/tracetools_read:/home/hazbot/ros2_humble/install/test_tracetools_launch:/home/hazbot/ros2_humble/install/test_launch_ros:/home/hazbot/ros2_humble/install/sensor_msgs_py:/home/hazbot/ros2_humble/install/rpyutils:/home/hazbot/ros2_humble/install/rosidl_runtime_py:/home/hazbot/ros2_humble/install/rosidl_cli:/home/hazbot/ros2_humble/install/launch_pytest:/home/hazbot/ros2_humble/install/launch_testing:/home/hazbot/ros2_humble/install/launch_yaml:/home/hazbot/ros2_humble/install/launch_xml:/home/hazbot/ros2_humble/install/launch:/home/hazbot/ros2_humble/install/osrf_pycommon:/home/hazbot/ros2_humble/install/domain_coordinator:/home/hazbot/ros2_humble/install/ament_xmllint:/home/hazbot/ros2_humble/install/ament_pyflakes:/home/hazbot/ros2_humble/install/ament_pycodestyle:/home/hazbot/ros2_humble/install/ament_pep257:/home/hazbot/ros2_humble/install/ament_pclint:/home/hazbot/ros2_humble/install/ament_package:/home/hazbot/ros2_humble/install/ament_mypy:/home/hazbot/ros2_humble/install/ament_lint_cmake:/home/hazbot/ros2_humble/install/ament_flake8:/home/hazbot/ros2_humble/install/ament_copyright:/home/hazbot/ros2_humble/install/ament_lint:/home/hazbot/ros2_humble/install/ament_index_python:/home/hazbot/ros2_humble/install/ament_cpplint:/home/hazbot/ros2_humble/install/ament_cppcheck:/home/hazbot/ros2_humble/install/ament_clang_tidy:/home/hazbot/ros2_humble/install/ament_clang_format:/opt/ros/humble /usr/bin/cmake --build /home/hazbot/hazbot/build/dobot_m1 -- -j12 -l12
[3.100s] INFO:colcon.colcon_core.task.python.build:Building Python package in '/home/hazbot/hazbot/src/driver'
[3.101s] INFO:colcon.colcon_core.shell:Skip shell extension 'powershell' for command environment: Not usable outside of PowerShell
[3.101s] DEBUG:colcon.colcon_core.shell:Skip shell extension 'dsv' for command environment
[3.523s] DEBUG:colcon.colcon_core.event_handler.log_command:Invoked command in '/home/hazbot/hazbot/build/dobot_m1' returned '0': CMAKE_PREFIX_PATH=${CMAKE_PREFIX_PATH}:/home/hazbot/hazbot/install/driver:/home/hazbot/ros2_humble/install/rqt_bag_plugins:/home/hazbot/ros2_humble/install/rqt_bag:/home/hazbot/ros2_humble/install/launch_testing_examples:/home/hazbot/ros2_humble/install/ros2bag:/home/hazbot/ros2_humble/install/tracetools_test:/home/hazbot/ros2_humble/install/tracetools_launch:/home/hazbot/ros2_humble/install/topic_monitor:/home/hazbot/ros2_humble/install/tf2_tools:/home/hazbot/ros2_humble/install/examples_tf2_py:/home/hazbot/ros2_humble/install/tf2_ros_py:/home/hazbot/ros2_humble/install/sros2:/home/hazbot/ros2_humble/install/rqt_topic:/home/hazbot/ros2_humble/install/rqt_srv:/home/hazbot/ros2_humble/install/rqt_shell:/home/hazbot/ros2_humble/install/rqt_service_caller:/home/hazbot/ros2_humble/install/rqt_reconfigure:/home/hazbot/ros2_humble/install/rqt_py_console:/home/hazbot/ros2_humble/install/rqt_publisher:/home/hazbot/ros2_humble/install/rqt_plot:/home/hazbot/ros2_humble/install/rqt_action:/home/hazbot/ros2_humble/install/rqt_msg:/home/hazbot/ros2_humble/install/rqt_console:/home/hazbot/ros2_humble/install/rqt:/home/hazbot/ros2_humble/install/rqt_graph:/home/hazbot/ros2_humble/install/rqt_gui_py:/home/hazbot/ros2_humble/install/rqt_gui:/home/hazbot/ros2_humble/install/ros2trace:/home/hazbot/ros2_humble/install/ros2topic:/home/hazbot/ros2_humble/install/ros2test:/home/hazbot/ros2_humble/install/ros2component:/home/hazbot/ros2_humble/install/ros2param:/home/hazbot/ros2_humble/install/ros2lifecycle:/home/hazbot/ros2_humble/install/ros2service:/home/hazbot/ros2_humble/install/ros2run:/home/hazbot/ros2_humble/install/ros2launch:/home/hazbot/ros2_humble/install/ros2pkg:/home/hazbot/ros2_humble/install/ros2node:/home/hazbot/ros2_humble/install/ros2multicast:/home/hazbot/ros2_humble/install/ros2interface:/home/hazbot/ros2_humble/install/ros2doctor:/home/hazbot/ros2_humble/install/ros2action:/home/hazbot/ros2_humble/install/ros2cli:/home/hazbot/ros2_humble/install/quality_of_service_demo_py:/home/hazbot/ros2_humble/install/lifecycle_py:/home/hazbot/ros2_humble/install/launch_testing_ros:/home/hazbot/ros2_humble/install/launch_ros:/home/hazbot/ros2_humble/install/examples_rclpy_pointcloud_publisher:/home/hazbot/ros2_humble/install/examples_rclpy_minimal_subscriber:/home/hazbot/ros2_humble/install/examples_rclpy_minimal_service:/home/hazbot/ros2_humble/install/examples_rclpy_minimal_publisher:/home/hazbot/ros2_humble/install/examples_rclpy_minimal_client:/home/hazbot/ros2_humble/install/examples_rclpy_minimal_action_server:/home/hazbot/ros2_humble/install/examples_rclpy_minimal_action_client:/home/hazbot/ros2_humble/install/examples_rclpy_guard_conditions:/home/hazbot/ros2_humble/install/examples_rclpy_executors:/home/hazbot/ros2_humble/install/demo_nodes_py:/home/hazbot/ros2_humble/install/camera_info_manager_py:/home/hazbot/ros2_humble/install/action_tutorials_py:/home/hazbot/ros2_humble/install/ament_uncrustify:/home/hazbot/ros2_humble/install/tracetools_trace:/home/hazbot/ros2_humble/install/tracetools_read:/home/hazbot/ros2_humble/install/test_tracetools_launch:/home/hazbot/ros2_humble/install/test_launch_ros:/home/hazbot/ros2_humble/install/sensor_msgs_py:/home/hazbot/ros2_humble/install/rpyutils:/home/hazbot/ros2_humble/install/rosidl_runtime_py:/home/hazbot/ros2_humble/install/rosidl_cli:/home/hazbot/ros2_humble/install/launch_pytest:/home/hazbot/ros2_humble/install/launch_testing:/home/hazbot/ros2_humble/install/launch_yaml:/home/hazbot/ros2_humble/install/launch_xml:/home/hazbot/ros2_humble/install/launch:/home/hazbot/ros2_humble/install/osrf_pycommon:/home/hazbot/ros2_humble/install/domain_coordinator:/home/hazbot/ros2_humble/install/ament_xmllint:/home/hazbot/ros2_humble/install/ament_pyflakes:/home/hazbot/ros2_humble/install/ament_pycodestyle:/home/hazbot/ros2_humble/install/ament_pep257:/home/hazbot/ros2_humble/install/ament_pclint:/home/hazbot/ros2_humble/install/ament_package:/home/hazbot/ros2_humble/install/ament_mypy:/home/hazbot/ros2_humble/install/ament_lint_cmake:/home/hazbot/ros2_humble/install/ament_flake8:/home/hazbot/ros2_humble/install/ament_copyright:/home/hazbot/ros2_humble/install/ament_lint:/home/hazbot/ros2_humble/install/ament_index_python:/home/hazbot/ros2_humble/install/ament_cpplint:/home/hazbot/ros2_humble/install/ament_cppcheck:/home/hazbot/ros2_humble/install/ament_clang_tidy:/home/hazbot/ros2_humble/install/ament_clang_format:/opt/ros/humble /usr/bin/cmake --build /home/hazbot/hazbot/build/dobot_m1 -- -j12 -l12
[3.567s] DEBUG:colcon.colcon_core.event_handler.log_command:Invoking command in '/home/hazbot/hazbot/build/dobot_m1': CMAKE_PREFIX_PATH=${CMAKE_PREFIX_PATH}:/home/hazbot/hazbot/install/driver:/home/hazbot/ros2_humble/install/rqt_bag_plugins:/home/hazbot/ros2_humble/install/rqt_bag:/home/hazbot/ros2_humble/install/launch_testing_examples:/home/hazbot/ros2_humble/install/ros2bag:/home/hazbot/ros2_humble/install/tracetools_test:/home/hazbot/ros2_humble/install/tracetools_launch:/home/hazbot/ros2_humble/install/topic_monitor:/home/hazbot/ros2_humble/install/tf2_tools:/home/hazbot/ros2_humble/install/examples_tf2_py:/home/hazbot/ros2_humble/install/tf2_ros_py:/home/hazbot/ros2_humble/install/sros2:/home/hazbot/ros2_humble/install/rqt_topic:/home/hazbot/ros2_humble/install/rqt_srv:/home/hazbot/ros2_humble/install/rqt_shell:/home/hazbot/ros2_humble/install/rqt_service_caller:/home/hazbot/ros2_humble/install/rqt_reconfigure:/home/hazbot/ros2_humble/install/rqt_py_console:/home/hazbot/ros2_humble/install/rqt_publisher:/home/hazbot/ros2_humble/install/rqt_plot:/home/hazbot/ros2_humble/install/rqt_action:/home/hazbot/ros2_humble/install/rqt_msg:/home/hazbot/ros2_humble/install/rqt_console:/home/hazbot/ros2_humble/install/rqt:/home/hazbot/ros2_humble/install/rqt_graph:/home/hazbot/ros2_humble/install/rqt_gui_py:/home/hazbot/ros2_humble/install/rqt_gui:/home/hazbot/ros2_humble/install/ros2trace:/home/hazbot/ros2_humble/install/ros2topic:/home/hazbot/ros2_humble/install/ros2test:/home/hazbot/ros2_humble/install/ros2component:/home/hazbot/ros2_humble/install/ros2param:/home/hazbot/ros2_humble/install/ros2lifecycle:/home/hazbot/ros2_humble/install/ros2service:/home/hazbot/ros2_humble/install/ros2run:/home/hazbot/ros2_humble/install/ros2launch:/home/hazbot/ros2_humble/install/ros2pkg:/home/hazbot/ros2_humble/install/ros2node:/home/hazbot/ros2_humble/install/ros2multicast:/home/hazbot/ros2_humble/install/ros2interface:/home/hazbot/ros2_humble/install/ros2doctor:/home/hazbot/ros2_humble/install/ros2action:/home/hazbot/ros2_humble/install/ros2cli:/home/hazbot/ros2_humble/install/quality_of_service_demo_py:/home/hazbot/ros2_humble/install/lifecycle_py:/home/hazbot/ros2_humble/install/launch_testing_ros:/home/hazbot/ros2_humble/install/launch_ros:/home/hazbot/ros2_humble/install/examples_rclpy_pointcloud_publisher:/home/hazbot/ros2_humble/install/examples_rclpy_minimal_subscriber:/home/hazbot/ros2_humble/install/examples_rclpy_minimal_service:/home/hazbot/ros2_humble/install/examples_rclpy_minimal_publisher:/home/hazbot/ros2_humble/install/examples_rclpy_minimal_client:/home/hazbot/ros2_humble/install/examples_rclpy_minimal_action_server:/home/hazbot/ros2_humble/install/examples_rclpy_minimal_action_client:/home/hazbot/ros2_humble/install/examples_rclpy_guard_conditions:/home/hazbot/ros2_humble/install/examples_rclpy_executors:/home/hazbot/ros2_humble/install/demo_nodes_py:/home/hazbot/ros2_humble/install/camera_info_manager_py:/home/hazbot/ros2_humble/install/action_tutorials_py:/home/hazbot/ros2_humble/install/ament_uncrustify:/home/hazbot/ros2_humble/install/tracetools_trace:/home/hazbot/ros2_humble/install/tracetools_read:/home/hazbot/ros2_humble/install/test_tracetools_launch:/home/hazbot/ros2_humble/install/test_launch_ros:/home/hazbot/ros2_humble/install/sensor_msgs_py:/home/hazbot/ros2_humble/install/rpyutils:/home/hazbot/ros2_humble/install/rosidl_runtime_py:/home/hazbot/ros2_humble/install/rosidl_cli:/home/hazbot/ros2_humble/install/launch_pytest:/home/hazbot/ros2_humble/install/launch_testing:/home/hazbot/ros2_humble/install/launch_yaml:/home/hazbot/ros2_humble/install/launch_xml:/home/hazbot/ros2_humble/install/launch:/home/hazbot/ros2_humble/install/osrf_pycommon:/home/hazbot/ros2_humble/install/domain_coordinator:/home/hazbot/ros2_humble/install/ament_xmllint:/home/hazbot/ros2_humble/install/ament_pyflakes:/home/hazbot/ros2_humble/install/ament_pycodestyle:/home/hazbot/ros2_humble/install/ament_pep257:/home/hazbot/ros2_humble/install/ament_pclint:/home/hazbot/ros2_humble/install/ament_package:/home/hazbot/ros2_humble/install/ament_mypy:/home/hazbot/ros2_humble/install/ament_lint_cmake:/home/hazbot/ros2_humble/install/ament_flake8:/home/hazbot/ros2_humble/install/ament_copyright:/home/hazbot/ros2_humble/install/ament_lint:/home/hazbot/ros2_humble/install/ament_index_python:/home/hazbot/ros2_humble/install/ament_cpplint:/home/hazbot/ros2_humble/install/ament_cppcheck:/home/hazbot/ros2_humble/install/ament_clang_tidy:/home/hazbot/ros2_humble/install/ament_clang_format:/opt/ros/humble /usr/bin/cmake --install /home/hazbot/hazbot/build/dobot_m1
[3.944s] Level 1:colcon.colcon_core.environment:create_environment_scripts_only(dobot_m1)
[3.950s] DEBUG:colcon.colcon_core.event_handler.log_command:Invoked command in '/home/hazbot/hazbot/build/dobot_m1' returned '0': CMAKE_PREFIX_PATH=${CMAKE_PREFIX_PATH}:/home/hazbot/hazbot/install/driver:/home/hazbot/ros2_humble/install/rqt_bag_plugins:/home/hazbot/ros2_humble/install/rqt_bag:/home/hazbot/ros2_humble/install/launch_testing_examples:/home/hazbot/ros2_humble/install/ros2bag:/home/hazbot/ros2_humble/install/tracetools_test:/home/hazbot/ros2_humble/install/tracetools_launch:/home/hazbot/ros2_humble/install/topic_monitor:/home/hazbot/ros2_humble/install/tf2_tools:/home/hazbot/ros2_humble/install/examples_tf2_py:/home/hazbot/ros2_humble/install/tf2_ros_py:/home/hazbot/ros2_humble/install/sros2:/home/hazbot/ros2_humble/install/rqt_topic:/home/hazbot/ros2_humble/install/rqt_srv:/home/hazbot/ros2_humble/install/rqt_shell:/home/hazbot/ros2_humble/install/rqt_service_caller:/home/hazbot/ros2_humble/install/rqt_reconfigure:/home/hazbot/ros2_humble/install/rqt_py_console:/home/hazbot/ros2_humble/install/rqt_publisher:/home/hazbot/ros2_humble/install/rqt_plot:/home/hazbot/ros2_humble/install/rqt_action:/home/hazbot/ros2_humble/install/rqt_msg:/home/hazbot/ros2_humble/install/rqt_console:/home/hazbot/ros2_humble/install/rqt:/home/hazbot/ros2_humble/install/rqt_graph:/home/hazbot/ros2_humble/install/rqt_gui_py:/home/hazbot/ros2_humble/install/rqt_gui:/home/hazbot/ros2_humble/install/ros2trace:/home/hazbot/ros2_humble/install/ros2topic:/home/hazbot/ros2_humble/install/ros2test:/home/hazbot/ros2_humble/install/ros2component:/home/hazbot/ros2_humble/install/ros2param:/home/hazbot/ros2_humble/install/ros2lifecycle:/home/hazbot/ros2_humble/install/ros2service:/home/hazbot/ros2_humble/install/ros2run:/home/hazbot/ros2_humble/install/ros2launch:/home/hazbot/ros2_humble/install/ros2pkg:/home/hazbot/ros2_humble/install/ros2node:/home/hazbot/ros2_humble/install/ros2multicast:/home/hazbot/ros2_humble/install/ros2interface:/home/hazbot/ros2_humble/install/ros2doctor:/home/hazbot/ros2_humble/install/ros2action:/home/hazbot/ros2_humble/install/ros2cli:/home/hazbot/ros2_humble/install/quality_of_service_demo_py:/home/hazbot/ros2_humble/install/lifecycle_py:/home/hazbot/ros2_humble/install/launch_testing_ros:/home/hazbot/ros2_humble/install/launch_ros:/home/hazbot/ros2_humble/install/examples_rclpy_pointcloud_publisher:/home/hazbot/ros2_humble/install/examples_rclpy_minimal_subscriber:/home/hazbot/ros2_humble/install/examples_rclpy_minimal_service:/home/hazbot/ros2_humble/install/examples_rclpy_minimal_publisher:/home/hazbot/ros2_humble/install/examples_rclpy_minimal_client:/home/hazbot/ros2_humble/install/examples_rclpy_minimal_action_server:/home/hazbot/ros2_humble/install/examples_rclpy_minimal_action_client:/home/hazbot/ros2_humble/install/examples_rclpy_guard_conditions:/home/hazbot/ros2_humble/install/examples_rclpy_executors:/home/hazbot/ros2_humble/install/demo_nodes_py:/home/hazbot/ros2_humble/install/camera_info_manager_py:/home/hazbot/ros2_humble/install/action_tutorials_py:/home/hazbot/ros2_humble/install/ament_uncrustify:/home/hazbot/ros2_humble/install/tracetools_trace:/home/hazbot/ros2_humble/install/tracetools_read:/home/hazbot/ros2_humble/install/test_tracetools_launch:/home/hazbot/ros2_humble/install/test_launch_ros:/home/hazbot/ros2_humble/install/sensor_msgs_py:/home/hazbot/ros2_humble/install/rpyutils:/home/hazbot/ros2_humble/install/rosidl_runtime_py:/home/hazbot/ros2_humble/install/rosidl_cli:/home/hazbot/ros2_humble/install/launch_pytest:/home/hazbot/ros2_humble/install/launch_testing:/home/hazbot/ros2_humble/install/launch_yaml:/home/hazbot/ros2_humble/install/launch_xml:/home/hazbot/ros2_humble/install/launch:/home/hazbot/ros2_humble/install/osrf_pycommon:/home/hazbot/ros2_humble/install/domain_coordinator:/home/hazbot/ros2_humble/install/ament_xmllint:/home/hazbot/ros2_humble/install/ament_pyflakes:/home/hazbot/ros2_humble/install/ament_pycodestyle:/home/hazbot/ros2_humble/install/ament_pep257:/home/hazbot/ros2_humble/install/ament_pclint:/home/hazbot/ros2_humble/install/ament_package:/home/hazbot/ros2_humble/install/ament_mypy:/home/hazbot/ros2_humble/install/ament_lint_cmake:/home/hazbot/ros2_humble/install/ament_flake8:/home/hazbot/ros2_humble/install/ament_copyright:/home/hazbot/ros2_humble/install/ament_lint:/home/hazbot/ros2_humble/install/ament_index_python:/home/hazbot/ros2_humble/install/ament_cpplint:/home/hazbot/ros2_humble/install/ament_cppcheck:/home/hazbot/ros2_humble/install/ament_clang_tidy:/home/hazbot/ros2_humble/install/ament_clang_format:/opt/ros/humble /usr/bin/cmake --install /home/hazbot/hazbot/build/dobot_m1
[3.972s] Level 1:colcon.colcon_core.environment:checking '/home/hazbot/hazbot/install/dobot_m1' for CMake module files
[3.974s] Level 1:colcon.colcon_core.environment:checking '/home/hazbot/hazbot/install/dobot_m1' for CMake config files
[3.974s] Level 1:colcon.colcon_core.shell:create_environment_hook('dobot_m1', 'cmake_prefix_path')
[3.975s] INFO:colcon.colcon_core.shell:Creating environment hook '/home/hazbot/hazbot/install/dobot_m1/share/dobot_m1/hook/cmake_prefix_path.ps1'
[3.977s] INFO:colcon.colcon_core.shell:Creating environment descriptor '/home/hazbot/hazbot/install/dobot_m1/share/dobot_m1/hook/cmake_prefix_path.dsv'
[3.978s] INFO:colcon.colcon_core.shell:Creating environment hook '/home/hazbot/hazbot/install/dobot_m1/share/dobot_m1/hook/cmake_prefix_path.sh'
[3.981s] Level 1:colcon.colcon_core.environment:checking '/home/hazbot/hazbot/install/dobot_m1/lib'
[3.981s] Level 1:colcon.colcon_core.environment:checking '/home/hazbot/hazbot/install/dobot_m1/bin'
[3.982s] Level 1:colcon.colcon_core.environment:checking '/home/hazbot/hazbot/install/dobot_m1/lib/pkgconfig/dobot_m1.pc'
[3.982s] Level 1:colcon.colcon_core.environment:checking '/home/hazbot/hazbot/install/dobot_m1/lib/python3.10/site-packages'
[3.983s] Level 1:colcon.colcon_core.environment:checking '/home/hazbot/hazbot/install/dobot_m1/bin'
[3.984s] INFO:colcon.colcon_core.shell:Creating package script '/home/hazbot/hazbot/install/dobot_m1/share/dobot_m1/package.ps1'
[3.987s] INFO:colcon.colcon_core.shell:Creating package descriptor '/home/hazbot/hazbot/install/dobot_m1/share/dobot_m1/package.dsv'
[3.989s] INFO:colcon.colcon_core.shell:Creating package script '/home/hazbot/hazbot/install/dobot_m1/share/dobot_m1/package.sh'
[3.992s] INFO:colcon.colcon_core.shell:Creating package script '/home/hazbot/hazbot/install/dobot_m1/share/dobot_m1/package.bash'
[3.995s] INFO:colcon.colcon_core.shell:Creating package script '/home/hazbot/hazbot/install/dobot_m1/share/dobot_m1/package.zsh'
[3.998s] Level 1:colcon.colcon_core.environment:create_file_with_runtime_dependencies(/home/hazbot/hazbot/install/dobot_m1/share/colcon-core/packages/dobot_m1)
[4.000s] Level 1:colcon.colcon_core.environment:create_environment_scripts_only(dobot_m1)
[4.001s] Level 1:colcon.colcon_core.environment:checking '/home/hazbot/hazbot/install/dobot_m1' for CMake module files
[4.002s] Level 1:colcon.colcon_core.environment:checking '/home/hazbot/hazbot/install/dobot_m1' for CMake config files
[4.003s] Level 1:colcon.colcon_core.shell:create_environment_hook('dobot_m1', 'cmake_prefix_path')
[4.004s] INFO:colcon.colcon_core.shell:Creating environment hook '/home/hazbot/hazbot/install/dobot_m1/share/dobot_m1/hook/cmake_prefix_path.ps1'
[4.005s] INFO:colcon.colcon_core.shell:Creating environment descriptor '/home/hazbot/hazbot/install/dobot_m1/share/dobot_m1/hook/cmake_prefix_path.dsv'
[4.007s] INFO:colcon.colcon_core.shell:Creating environment hook '/home/hazbot/hazbot/install/dobot_m1/share/dobot_m1/hook/cmake_prefix_path.sh'
[4.009s] Level 1:colcon.colcon_core.environment:checking '/home/hazbot/hazbot/install/dobot_m1/lib'
[4.009s] Level 1:colcon.colcon_core.environment:checking '/home/hazbot/hazbot/install/dobot_m1/bin'
[4.009s] Level 1:colcon.colcon_core.environment:checking '/home/hazbot/hazbot/install/dobot_m1/lib/pkgconfig/dobot_m1.pc'
[4.010s] Level 1:colcon.colcon_core.environment:checking '/home/hazbot/hazbot/install/dobot_m1/lib/python3.10/site-packages'
[4.011s] Level 1:colcon.colcon_core.environment:checking '/home/hazbot/hazbot/install/dobot_m1/bin'
[4.012s] INFO:colcon.colcon_core.shell:Creating package script '/home/hazbot/hazbot/install/dobot_m1/share/dobot_m1/package.ps1'
[4.014s] INFO:colcon.colcon_core.shell:Creating package descriptor '/home/hazbot/hazbot/install/dobot_m1/share/dobot_m1/package.dsv'
[4.015s] INFO:colcon.colcon_core.shell:Creating package script '/home/hazbot/hazbot/install/dobot_m1/share/dobot_m1/package.sh'
[4.017s] INFO:colcon.colcon_core.shell:Creating package script '/home/hazbot/hazbot/install/dobot_m1/share/dobot_m1/package.bash'
[4.018s] INFO:colcon.colcon_core.shell:Creating package script '/home/hazbot/hazbot/install/dobot_m1/share/dobot_m1/package.zsh'
[4.019s] Level 1:colcon.colcon_core.environment:create_file_with_runtime_dependencies(/home/hazbot/hazbot/install/dobot_m1/share/colcon-core/packages/dobot_m1)
[4.974s] DEBUG:colcon.colcon_core.event_handler.log_command:Invoking command in '/home/hazbot/hazbot/src/driver': PYTHONPATH=/home/hazbot/hazbot/build/driver/prefix_override:/usr/lib/python3/dist-packages/colcon_core/task/python/colcon_distutils_commands:/home/hazbot/hazbot/install/driver/lib/python3.10/site-packages:${PYTHONPATH} /usr/bin/python3 -W ignore:setup.py install is deprecated -W ignore:easy_install command is deprecated setup.py egg_info --egg-base ../../build/driver build --build-base /home/hazbot/hazbot/build/driver/build install --record /home/hazbot/hazbot/build/driver/install.log --single-version-externally-managed install_data
[6.371s] Level 1:colcon.colcon_core.environment:checking '/home/hazbot/hazbot/install/driver' for CMake module files
[6.373s] DEBUG:colcon.colcon_core.event_handler.log_command:Invoked command in '/home/hazbot/hazbot/src/driver' returned '0': PYTHONPATH=/home/hazbot/hazbot/build/driver/prefix_override:/usr/lib/python3/dist-packages/colcon_core/task/python/colcon_distutils_commands:/home/hazbot/hazbot/install/driver/lib/python3.10/site-packages:${PYTHONPATH} /usr/bin/python3 -W ignore:setup.py install is deprecated -W ignore:easy_install command is deprecated setup.py egg_info --egg-base ../../build/driver build --build-base /home/hazbot/hazbot/build/driver/build install --record /home/hazbot/hazbot/build/driver/install.log --single-version-externally-managed install_data
[6.374s] Level 1:colcon.colcon_core.environment:checking '/home/hazbot/hazbot/install/driver' for CMake config files
[6.377s] Level 1:colcon.colcon_core.environment:checking '/home/hazbot/hazbot/install/driver/lib'
[6.377s] Level 1:colcon.colcon_core.environment:checking '/home/hazbot/hazbot/install/driver/bin'
[6.378s] Level 1:colcon.colcon_core.environment:checking '/home/hazbot/hazbot/install/driver/lib/pkgconfig/driver.pc'
[6.378s] Level 1:colcon.colcon_core.environment:checking '/home/hazbot/hazbot/install/driver/lib/python3.10/site-packages'
[6.379s] Level 1:colcon.colcon_core.shell:create_environment_hook('driver', 'pythonpath')
[6.379s] INFO:colcon.colcon_core.shell:Creating environment hook '/home/hazbot/hazbot/install/driver/share/driver/hook/pythonpath.ps1'
[6.381s] INFO:colcon.colcon_core.shell:Creating environment descriptor '/home/hazbot/hazbot/install/driver/share/driver/hook/pythonpath.dsv'
[6.383s] INFO:colcon.colcon_core.shell:Creating environment hook '/home/hazbot/hazbot/install/driver/share/driver/hook/pythonpath.sh'
[6.385s] Level 1:colcon.colcon_core.environment:checking '/home/hazbot/hazbot/install/driver/bin'
[6.385s] Level 1:colcon.colcon_core.environment:create_environment_scripts_only(driver)
[6.386s] INFO:colcon.colcon_core.shell:Creating package script '/home/hazbot/hazbot/install/driver/share/driver/package.ps1'
[6.388s] INFO:colcon.colcon_core.shell:Creating package descriptor '/home/hazbot/hazbot/install/driver/share/driver/package.dsv'
[6.390s] INFO:colcon.colcon_core.shell:Creating package script '/home/hazbot/hazbot/install/driver/share/driver/package.sh'
[6.391s] INFO:colcon.colcon_core.shell:Creating package script '/home/hazbot/hazbot/install/driver/share/driver/package.bash'
[6.393s] INFO:colcon.colcon_core.shell:Creating package script '/home/hazbot/hazbot/install/driver/share/driver/package.zsh'
[6.394s] Level 1:colcon.colcon_core.environment:create_file_with_runtime_dependencies(/home/hazbot/hazbot/install/driver/share/colcon-core/packages/driver)
[6.395s] DEBUG:colcon.colcon_parallel_executor.executor.parallel:closing loop
[6.396s] DEBUG:colcon.colcon_parallel_executor.executor.parallel:loop closed
[6.396s] DEBUG:colcon.colcon_parallel_executor.executor.parallel:run_until_complete finished with '0'
[6.397s] DEBUG:colcon.colcon_core.event_reactor:joining thread
[6.445s] INFO:colcon.colcon_core.plugin_system:Skipping extension 'colcon_notification.desktop_notification.terminal_notifier': Not used on non-Darwin systems
[6.446s] INFO:colcon.colcon_core.plugin_system:Skipping extension 'colcon_notification.desktop_notification.win32': Not used on non-Windows systems
[6.446s] INFO:colcon.colcon_notification.desktop_notification:Sending desktop notification using 'notify2'
[6.478s] DEBUG:colcon.colcon_core.event_reactor:joined thread
[6.479s] INFO:colcon.colcon_core.shell:Creating prefix script '/home/hazbot/hazbot/install/local_setup.ps1'
[6.483s] INFO:colcon.colcon_core.shell:Creating prefix util module '/home/hazbot/hazbot/install/_local_setup_util_ps1.py'
[6.489s] INFO:colcon.colcon_core.shell:Creating prefix chain script '/home/hazbot/hazbot/install/setup.ps1'
[6.542s] INFO:colcon.colcon_core.shell:Creating prefix script '/home/hazbot/hazbot/install/local_setup.sh'
[6.543s] INFO:colcon.colcon_core.shell:Creating prefix util module '/home/hazbot/hazbot/install/_local_setup_util_sh.py'
[6.545s] INFO:colcon.colcon_core.shell:Creating prefix chain script '/home/hazbot/hazbot/install/setup.sh'
[6.577s] INFO:colcon.colcon_core.shell:Creating prefix script '/home/hazbot/hazbot/install/local_setup.bash'
[6.578s] INFO:colcon.colcon_core.shell:Creating prefix chain script '/home/hazbot/hazbot/install/setup.bash'
[6.606s] INFO:colcon.colcon_core.shell:Creating prefix script '/home/hazbot/hazbot/install/local_setup.zsh'
[6.607s] INFO:colcon.colcon_core.shell:Creating prefix chain script '/home/hazbot/hazbot/install/setup.zsh'
