running develop
running egg_info
writing manifest file '../../build/driver/driver.egg-info/SOURCES.txt'
running build
running build_py
creating /home/hazbot/hazbot/build/driver/build
creating /home/hazbot/hazbot/build/driver/build/lib
creating /home/hazbot/hazbot/build/driver/build/lib/driver
copying driver/__init__.py -> /home/hazbot/hazbot/build/driver/build/lib/driver
copying driver/motor_controller.py -> /home/hazbot/hazbot/build/driver/build/lib/driver
copying driver/odometry.py -> /home/hazbot/hazbot/build/driver/build/lib/driver
running install
running install_lib
creating /home/hazbot/hazbot/install/driver/lib/python3.10/site-packages/driver
byte-compiling /home/hazbot/hazbot/install/driver/lib/python3.10/site-packages/driver/__init__.py to __init__.cpython-310.pyc
byte-compiling /home/hazbot/hazbot/install/driver/lib/python3.10/site-packages/driver/motor_controller.py to motor_controller.cpython-310.pyc
byte-compiling /home/hazbot/hazbot/install/driver/lib/python3.10/site-packages/driver/odometry.py to odometry.cpython-310.pyc
running install_data
copying resource/driver -> /home/hazbot/hazbot/install/driver/share/ament_index/resource_index/packages
copying package.xml -> /home/hazbot/hazbot/install/driver/share/driver
copying launch/navigation.launch.py -> /home/hazbot/hazbot/install/driver/share/driver/launch
copying config/nav2_params.yaml -> /home/hazbot/hazbot/install/driver/share/driver/config
running install_egg_info
Copying ../../build/driver/driver.egg-info to /home/hazbot/hazbot/install/driver/lib/python3.10/site-packages/driver-0.0.0-py3.10.egg-info
running install_scripts
writing list of installed files to '/home/hazbot/hazbot/build/driver/install.log'
