[3.388s] Invoking command in '/home/hazbot/hazbot/build/driver': PYTHONPATH=/home/hazbot/hazbot/build/driver/prefix_override:/usr/lib/python3/dist-packages/colcon_core/task/python/colcon_distutils_commands:/home/hazbot/hazbot/install/driver/lib/python3.10/site-packages:${PYTHONPATH} /usr/bin/python3 -W ignore:setup.py install is deprecated -W ignore:easy_install command is deprecated setup.py develop --uninstall --editable --build-directory /home/hazbot/hazbot/build/driver/build
[4.704s] running develop
[5.611s] Invoked command in '/home/hazbot/hazbot/build/driver' returned '0': PYTHONPATH=/home/hazbot/hazbot/build/driver/prefix_override:/usr/lib/python3/dist-packages/colcon_core/task/python/colcon_distutils_commands:/home/hazbot/hazbot/install/driver/lib/python3.10/site-packages:${PYTHONPATH} /usr/bin/python3 -W ignore:setup.py install is deprecated -W ignore:easy_install command is deprecated setup.py develop --uninstall --editable --build-directory /home/hazbot/hazbot/build/driver/build
[5.616s] Invoking command in '/home/hazbot/hazbot/src/driver': PYTHONPATH=/home/hazbot/hazbot/build/driver/prefix_override:/usr/lib/python3/dist-packages/colcon_core/task/python/colcon_distutils_commands:/home/hazbot/hazbot/install/driver/lib/python3.10/site-packages:${PYTHONPATH} /usr/bin/python3 -W ignore:setup.py install is deprecated -W ignore:easy_install command is deprecated setup.py egg_info --egg-base ../../build/driver build --build-base /home/hazbot/hazbot/build/driver/build install --record /home/hazbot/hazbot/build/driver/install.log --single-version-externally-managed install_data --force
[6.824s] running egg_info
[6.832s] writing manifest file '../../build/driver/driver.egg-info/SOURCES.txt'
[6.833s] running build
[6.833s] running build_py
[6.834s] creating /home/hazbot/hazbot/build/driver/build
[6.834s] creating /home/hazbot/hazbot/build/driver/build/lib
[6.834s] creating /home/hazbot/hazbot/build/driver/build/lib/driver
[6.835s] copying driver/__init__.py -> /home/hazbot/hazbot/build/driver/build/lib/driver
[6.835s] copying driver/motor_controller.py -> /home/hazbot/hazbot/build/driver/build/lib/driver
[6.835s] copying driver/odometry.py -> /home/hazbot/hazbot/build/driver/build/lib/driver
[6.835s] running install
[6.841s] running install_lib
[6.842s] creating /home/hazbot/hazbot/install/driver/lib/python3.10/site-packages/driver
[6.848s] byte-compiling /home/hazbot/hazbot/install/driver/lib/python3.10/site-packages/driver/__init__.py to __init__.cpython-310.pyc
[6.849s] byte-compiling /home/hazbot/hazbot/install/driver/lib/python3.10/site-packages/driver/motor_controller.py to motor_controller.cpython-310.pyc
[6.850s] byte-compiling /home/hazbot/hazbot/install/driver/lib/python3.10/site-packages/driver/odometry.py to odometry.cpython-310.pyc
[6.851s] running install_data
[6.852s] copying resource/driver -> /home/hazbot/hazbot/install/driver/share/ament_index/resource_index/packages
[6.852s] copying package.xml -> /home/hazbot/hazbot/install/driver/share/driver
[6.852s] copying launch/navigation.launch.py -> /home/hazbot/hazbot/install/driver/share/driver/launch
[6.853s] copying config/nav2_params.yaml -> /home/hazbot/hazbot/install/driver/share/driver/config
[6.853s] running install_egg_info
[6.863s] Copying ../../build/driver/driver.egg-info to /home/hazbot/hazbot/install/driver/lib/python3.10/site-packages/driver-0.0.0-py3.10.egg-info
[6.865s] running install_scripts
[6.952s] writing list of installed files to '/home/hazbot/hazbot/build/driver/install.log'
[7.018s] Invoked command in '/home/hazbot/hazbot/src/driver' returned '0': PYTHONPATH=/home/hazbot/hazbot/build/driver/prefix_override:/usr/lib/python3/dist-packages/colcon_core/task/python/colcon_distutils_commands:/home/hazbot/hazbot/install/driver/lib/python3.10/site-packages:${PYTHONPATH} /usr/bin/python3 -W ignore:setup.py install is deprecated -W ignore:easy_install command is deprecated setup.py egg_info --egg-base ../../build/driver build --build-base /home/hazbot/hazbot/build/driver/build install --record /home/hazbot/hazbot/build/driver/install.log --single-version-externally-managed install_data --force
