[0.561s] DEBUG:colcon:Command line arguments: ['/usr/bin/colcon', 'build']
[0.561s] DEBUG:colcon:Parsed command line arguments: Namespace(log_base=None, log_level=None, verb_name='build', build_base='build', install_base='install', merge_install=False, symlink_install=False, test_result_base=None, continue_on_error=False, executor='parallel', parallel_workers=12, event_handlers=None, ignore_user_meta=False, metas=['./colcon.meta'], base_paths=['.'], packages_ignore=None, packages_ignore_regex=None, paths=None, packages_up_to=None, packages_up_to_regex=None, packages_above=None, packages_above_and_dependencies=None, packages_above_depth=None, packages_select_by_dep=None, packages_skip_by_dep=None, packages_skip_up_to=None, packages_select_build_failed=False, packages_skip_build_finished=False, packages_select_test_failures=False, packages_skip_test_passed=False, packages_select=None, packages_skip=None, packages_select_regex=None, packages_skip_regex=None, packages_start=None, packages_end=None, allow_overriding=[], cmake_args=None, cmake_target=None, cmake_target_skip_unavailable=False, cmake_clean_cache=False, cmake_clean_first=False, cmake_force_configure=False, ament_cmake_args=None, catkin_cmake_args=None, catkin_skip_building_tests=False, mixin_files=None, mixin=None, verb_parser=<colcon_mixin.mixin.mixin_argument.MixinArgumentDecorator object at 0xffffa1ed3790>, verb_extension=<colcon_core.verb.build.BuildVerb object at 0xffffa1e1c760>, main=<bound method BuildVerb.main of <colcon_core.verb.build.BuildVerb object at 0xffffa1e1c760>>, mixin_verb=('build',))
[1.281s] Level 1:colcon.colcon_core.package_discovery:discover_packages(colcon_meta) check parameters
[1.281s] Level 1:colcon.colcon_core.package_discovery:discover_packages(recursive) check parameters
[1.281s] Level 1:colcon.colcon_core.package_discovery:discover_packages(ignore) check parameters
[1.281s] Level 1:colcon.colcon_core.package_discovery:discover_packages(path) check parameters
[1.281s] Level 1:colcon.colcon_core.package_discovery:discover_packages(colcon_meta) discover
[1.282s] Level 1:colcon.colcon_core.package_discovery:discover_packages(recursive) discover
[1.282s] INFO:colcon.colcon_core.package_discovery:Crawling recursively for packages in '/home/hazbot/hazbot'
[1.282s] Level 1:colcon.colcon_core.package_identification:_identify(.) by extensions ['ignore', 'ignore_ament_install']
[1.282s] Level 1:colcon.colcon_core.package_identification:_identify(.) by extension 'ignore'
[1.282s] Level 1:colcon.colcon_core.package_identification:_identify(.) by extension 'ignore_ament_install'
[1.282s] Level 1:colcon.colcon_core.package_identification:_identify(.) by extensions ['colcon_pkg']
[1.283s] Level 1:colcon.colcon_core.package_identification:_identify(.) by extension 'colcon_pkg'
[1.283s] Level 1:colcon.colcon_core.package_identification:_identify(.) by extensions ['colcon_meta']
[1.283s] Level 1:colcon.colcon_core.package_identification:_identify(.) by extension 'colcon_meta'
[1.283s] Level 1:colcon.colcon_core.package_identification:_identify(.) by extensions ['ros']
[1.283s] Level 1:colcon.colcon_core.package_identification:_identify(.) by extension 'ros'
[1.312s] Level 1:colcon.colcon_core.package_identification:_identify(.) by extensions ['cmake', 'python']
[1.312s] Level 1:colcon.colcon_core.package_identification:_identify(.) by extension 'cmake'
[1.312s] Level 1:colcon.colcon_core.package_identification:_identify(.) by extension 'python'
[1.312s] Level 1:colcon.colcon_core.package_identification:_identify(.) by extensions ['python_setup_py']
[1.312s] Level 1:colcon.colcon_core.package_identification:_identify(.) by extension 'python_setup_py'
[1.313s] Level 1:colcon.colcon_core.package_identification:_identify(build) by extensions ['ignore', 'ignore_ament_install']
[1.313s] Level 1:colcon.colcon_core.package_identification:_identify(build) by extension 'ignore'
[1.313s] Level 1:colcon.colcon_core.package_identification:_identify(build) ignored
[1.313s] Level 1:colcon.colcon_core.package_identification:_identify(install) by extensions ['ignore', 'ignore_ament_install']
[1.314s] Level 1:colcon.colcon_core.package_identification:_identify(install) by extension 'ignore'
[1.314s] Level 1:colcon.colcon_core.package_identification:_identify(install) ignored
[1.314s] Level 1:colcon.colcon_core.package_identification:_identify(log) by extensions ['ignore', 'ignore_ament_install']
[1.314s] Level 1:colcon.colcon_core.package_identification:_identify(log) by extension 'ignore'
[1.314s] Level 1:colcon.colcon_core.package_identification:_identify(log) ignored
[1.314s] Level 1:colcon.colcon_core.package_identification:_identify(src) by extensions ['ignore', 'ignore_ament_install']
[1.315s] Level 1:colcon.colcon_core.package_identification:_identify(src) by extension 'ignore'
[1.315s] Level 1:colcon.colcon_core.package_identification:_identify(src) by extension 'ignore_ament_install'
[1.315s] Level 1:colcon.colcon_core.package_identification:_identify(src) by extensions ['colcon_pkg']
[1.315s] Level 1:colcon.colcon_core.package_identification:_identify(src) by extension 'colcon_pkg'
[1.315s] Level 1:colcon.colcon_core.package_identification:_identify(src) by extensions ['colcon_meta']
[1.315s] Level 1:colcon.colcon_core.package_identification:_identify(src) by extension 'colcon_meta'
[1.315s] Level 1:colcon.colcon_core.package_identification:_identify(src) by extensions ['ros']
[1.315s] Level 1:colcon.colcon_core.package_identification:_identify(src) by extension 'ros'
[1.315s] Level 1:colcon.colcon_core.package_identification:_identify(src) by extensions ['cmake', 'python']
[1.316s] Level 1:colcon.colcon_core.package_identification:_identify(src) by extension 'cmake'
[1.316s] Level 1:colcon.colcon_core.package_identification:_identify(src) by extension 'python'
[1.316s] Level 1:colcon.colcon_core.package_identification:_identify(src) by extensions ['python_setup_py']
[1.316s] Level 1:colcon.colcon_core.package_identification:_identify(src) by extension 'python_setup_py'
[1.316s] Level 1:colcon.colcon_core.package_identification:_identify(src/driver) by extensions ['ignore', 'ignore_ament_install']
[1.316s] Level 1:colcon.colcon_core.package_identification:_identify(src/driver) by extension 'ignore'
[1.316s] Level 1:colcon.colcon_core.package_identification:_identify(src/driver) by extension 'ignore_ament_install'
[1.316s] Level 1:colcon.colcon_core.package_identification:_identify(src/driver) by extensions ['colcon_pkg']
[1.317s] Level 1:colcon.colcon_core.package_identification:_identify(src/driver) by extension 'colcon_pkg'
[1.317s] Level 1:colcon.colcon_core.package_identification:_identify(src/driver) by extensions ['colcon_meta']
[1.317s] Level 1:colcon.colcon_core.package_identification:_identify(src/driver) by extension 'colcon_meta'
[1.317s] Level 1:colcon.colcon_core.package_identification:_identify(src/driver) by extensions ['ros']
[1.317s] Level 1:colcon.colcon_core.package_identification:_identify(src/driver) by extension 'ros'
[1.323s] DEBUG:colcon.colcon_core.package_identification:Package 'src/driver' with type 'ros.ament_python' and name 'driver'
[1.323s] Level 1:colcon.colcon_core.package_discovery:discover_packages(recursive) using defaults
[1.323s] Level 1:colcon.colcon_core.package_discovery:discover_packages(ignore) discover
[1.323s] Level 1:colcon.colcon_core.package_discovery:discover_packages(ignore) using defaults
[1.323s] Level 1:colcon.colcon_core.package_discovery:discover_packages(path) discover
[1.323s] Level 1:colcon.colcon_core.package_discovery:discover_packages(path) using defaults
[1.419s] Level 1:colcon.colcon_core.package_discovery:discover_packages(prefix_path) check parameters
[1.419s] Level 1:colcon.colcon_core.package_discovery:discover_packages(prefix_path) discover
[1.452s] DEBUG:colcon.colcon_installed_package_information.package_discovery:Found 0 installed packages in /home/hazbot/install
[1.454s] DEBUG:colcon.colcon_installed_package_information.package_discovery:Found 16 installed packages in /home/hazbot/zed2_ws/install
[1.475s] DEBUG:colcon.colcon_installed_package_information.package_discovery:Found 346 installed packages in /home/hazbot/ros2_humble/install
[1.480s] DEBUG:colcon.colcon_installed_package_information.package_discovery:Found 2 installed packages in /home/hazbot/hazbot/install
[1.482s] DEBUG:colcon.colcon_installed_package_information.package_discovery:Found 337 installed packages in /opt/ros/humble
[1.504s] Level 1:colcon.colcon_core.package_discovery:discover_packages(prefix_path) using defaults
[1.655s] Level 5:colcon.colcon_core.verb:set package 'driver' build argument 'cmake_args' from command line to 'None'
[1.655s] Level 5:colcon.colcon_core.verb:set package 'driver' build argument 'cmake_target' from command line to 'None'
[1.655s] Level 5:colcon.colcon_core.verb:set package 'driver' build argument 'cmake_target_skip_unavailable' from command line to 'False'
[1.656s] Level 5:colcon.colcon_core.verb:set package 'driver' build argument 'cmake_clean_cache' from command line to 'False'
[1.656s] Level 5:colcon.colcon_core.verb:set package 'driver' build argument 'cmake_clean_first' from command line to 'False'
[1.656s] Level 5:colcon.colcon_core.verb:set package 'driver' build argument 'cmake_force_configure' from command line to 'False'
[1.656s] Level 5:colcon.colcon_core.verb:set package 'driver' build argument 'ament_cmake_args' from command line to 'None'
[1.656s] Level 5:colcon.colcon_core.verb:set package 'driver' build argument 'catkin_cmake_args' from command line to 'None'
[1.656s] Level 5:colcon.colcon_core.verb:set package 'driver' build argument 'catkin_skip_building_tests' from command line to 'False'
[1.656s] DEBUG:colcon.colcon_core.verb:Building package 'driver' with the following arguments: {'ament_cmake_args': None, 'build_base': '/home/hazbot/hazbot/build/driver', 'catkin_cmake_args': None, 'catkin_skip_building_tests': False, 'cmake_args': None, 'cmake_clean_cache': False, 'cmake_clean_first': False, 'cmake_force_configure': False, 'cmake_target': None, 'cmake_target_skip_unavailable': False, 'install_base': '/home/hazbot/hazbot/install/driver', 'merge_install': False, 'path': '/home/hazbot/hazbot/src/driver', 'symlink_install': False, 'test_result_base': None}
[1.656s] INFO:colcon.colcon_core.executor:Executing jobs using 'parallel' executor
[1.658s] DEBUG:colcon.colcon_parallel_executor.executor.parallel:run_until_complete
[1.659s] INFO:colcon.colcon_ros.task.ament_python.build:Building ROS package in '/home/hazbot/hazbot/src/driver' with build type 'ament_python'
[1.659s] Level 1:colcon.colcon_core.shell:create_environment_hook('driver', 'ament_prefix_path')
[1.673s] INFO:colcon.colcon_core.plugin_system:Skipping extension 'colcon_core.shell.bat': Not used on non-Windows systems
[1.673s] INFO:colcon.colcon_core.shell:Creating environment hook '/home/hazbot/hazbot/install/driver/share/driver/hook/ament_prefix_path.ps1'
[1.675s] INFO:colcon.colcon_core.shell:Creating environment descriptor '/home/hazbot/hazbot/install/driver/share/driver/hook/ament_prefix_path.dsv'
[1.676s] INFO:colcon.colcon_core.shell:Creating environment hook '/home/hazbot/hazbot/install/driver/share/driver/hook/ament_prefix_path.sh'
[1.677s] INFO:colcon.colcon_core.shell:Skip shell extension 'powershell' for command environment: Not usable outside of PowerShell
[1.677s] DEBUG:colcon.colcon_core.shell:Skip shell extension 'dsv' for command environment
[3.041s] INFO:colcon.colcon_core.task.python.build:Building Python package in '/home/hazbot/hazbot/src/driver'
[3.042s] INFO:colcon.colcon_core.shell:Skip shell extension 'powershell' for command environment: Not usable outside of PowerShell
[3.042s] DEBUG:colcon.colcon_core.shell:Skip shell extension 'dsv' for command environment
[4.988s] DEBUG:colcon.colcon_core.event_handler.log_command:Invoking command in '/home/hazbot/hazbot/src/driver': PYTHONPATH=/home/hazbot/hazbot/build/driver/prefix_override:/usr/lib/python3/dist-packages/colcon_core/task/python/colcon_distutils_commands:/home/hazbot/hazbot/install/driver/lib/python3.10/site-packages:${PYTHONPATH} /usr/bin/python3 -W ignore:setup.py install is deprecated -W ignore:easy_install command is deprecated setup.py egg_info --egg-base ../../build/driver build --build-base /home/hazbot/hazbot/build/driver/build install --record /home/hazbot/hazbot/build/driver/install.log --single-version-externally-managed install_data
[6.460s] DEBUG:colcon.colcon_core.event_handler.log_command:Invoked command in '/home/hazbot/hazbot/src/driver' returned '0': PYTHONPATH=/home/hazbot/hazbot/build/driver/prefix_override:/usr/lib/python3/dist-packages/colcon_core/task/python/colcon_distutils_commands:/home/hazbot/hazbot/install/driver/lib/python3.10/site-packages:${PYTHONPATH} /usr/bin/python3 -W ignore:setup.py install is deprecated -W ignore:easy_install command is deprecated setup.py egg_info --egg-base ../../build/driver build --build-base /home/hazbot/hazbot/build/driver/build install --record /home/hazbot/hazbot/build/driver/install.log --single-version-externally-managed install_data
[6.481s] Level 1:colcon.colcon_core.environment:checking '/home/hazbot/hazbot/install/driver' for CMake module files
[6.483s] Level 1:colcon.colcon_core.environment:checking '/home/hazbot/hazbot/install/driver' for CMake config files
[6.485s] Level 1:colcon.colcon_core.environment:checking '/home/hazbot/hazbot/install/driver/lib'
[6.486s] Level 1:colcon.colcon_core.environment:checking '/home/hazbot/hazbot/install/driver/bin'
[6.486s] Level 1:colcon.colcon_core.environment:checking '/home/hazbot/hazbot/install/driver/lib/pkgconfig/driver.pc'
[6.487s] Level 1:colcon.colcon_core.environment:checking '/home/hazbot/hazbot/install/driver/lib/python3.10/site-packages'
[6.488s] Level 1:colcon.colcon_core.shell:create_environment_hook('driver', 'pythonpath')
[6.489s] INFO:colcon.colcon_core.shell:Creating environment hook '/home/hazbot/hazbot/install/driver/share/driver/hook/pythonpath.ps1'
[6.490s] INFO:colcon.colcon_core.shell:Creating environment descriptor '/home/hazbot/hazbot/install/driver/share/driver/hook/pythonpath.dsv'
[6.492s] INFO:colcon.colcon_core.shell:Creating environment hook '/home/hazbot/hazbot/install/driver/share/driver/hook/pythonpath.sh'
[6.494s] Level 1:colcon.colcon_core.environment:checking '/home/hazbot/hazbot/install/driver/bin'
[6.494s] Level 1:colcon.colcon_core.environment:create_environment_scripts_only(driver)
[6.495s] INFO:colcon.colcon_core.shell:Creating package script '/home/hazbot/hazbot/install/driver/share/driver/package.ps1'
[6.497s] INFO:colcon.colcon_core.shell:Creating package descriptor '/home/hazbot/hazbot/install/driver/share/driver/package.dsv'
[6.499s] INFO:colcon.colcon_core.shell:Creating package script '/home/hazbot/hazbot/install/driver/share/driver/package.sh'
[6.501s] INFO:colcon.colcon_core.shell:Creating package script '/home/hazbot/hazbot/install/driver/share/driver/package.bash'
[6.503s] INFO:colcon.colcon_core.shell:Creating package script '/home/hazbot/hazbot/install/driver/share/driver/package.zsh'
[6.505s] Level 1:colcon.colcon_core.environment:create_file_with_runtime_dependencies(/home/hazbot/hazbot/install/driver/share/colcon-core/packages/driver)
[6.506s] DEBUG:colcon.colcon_parallel_executor.executor.parallel:closing loop
[6.507s] DEBUG:colcon.colcon_parallel_executor.executor.parallel:loop closed
[6.508s] DEBUG:colcon.colcon_parallel_executor.executor.parallel:run_until_complete finished with '0'
[6.508s] DEBUG:colcon.colcon_core.event_reactor:joining thread
[6.536s] INFO:colcon.colcon_core.plugin_system:Skipping extension 'colcon_notification.desktop_notification.terminal_notifier': Not used on non-Darwin systems
[6.536s] INFO:colcon.colcon_core.plugin_system:Skipping extension 'colcon_notification.desktop_notification.win32': Not used on non-Windows systems
[6.537s] INFO:colcon.colcon_notification.desktop_notification:Sending desktop notification using 'notify2'
[6.566s] DEBUG:colcon.colcon_core.event_reactor:joined thread
[6.567s] INFO:colcon.colcon_core.shell:Creating prefix script '/home/hazbot/hazbot/install/local_setup.ps1'
[6.570s] INFO:colcon.colcon_core.shell:Creating prefix util module '/home/hazbot/hazbot/install/_local_setup_util_ps1.py'
[6.575s] INFO:colcon.colcon_core.shell:Creating prefix chain script '/home/hazbot/hazbot/install/setup.ps1'
[6.623s] INFO:colcon.colcon_core.shell:Creating prefix script '/home/hazbot/hazbot/install/local_setup.sh'
[6.624s] INFO:colcon.colcon_core.shell:Creating prefix util module '/home/hazbot/hazbot/install/_local_setup_util_sh.py'
[6.626s] INFO:colcon.colcon_core.shell:Creating prefix chain script '/home/hazbot/hazbot/install/setup.sh'
[6.658s] INFO:colcon.colcon_core.shell:Creating prefix script '/home/hazbot/hazbot/install/local_setup.bash'
[6.659s] INFO:colcon.colcon_core.shell:Creating prefix chain script '/home/hazbot/hazbot/install/setup.bash'
[6.690s] INFO:colcon.colcon_core.shell:Creating prefix script '/home/hazbot/hazbot/install/local_setup.zsh'
[6.691s] INFO:colcon.colcon_core.shell:Creating prefix chain script '/home/hazbot/hazbot/install/setup.zsh'
