/home/hazbot/hazbot/install/driver/lib/python3.10/site-packages/driver/__init__.py
/home/hazbot/hazbot/install/driver/lib/python3.10/site-packages/driver/motor_controller.py
/home/hazbot/hazbot/install/driver/lib/python3.10/site-packages/driver/odometry.py
/home/hazbot/hazbot/install/driver/lib/python3.10/site-packages/driver/__pycache__/__init__.cpython-310.pyc
/home/hazbot/hazbot/install/driver/lib/python3.10/site-packages/driver/__pycache__/motor_controller.cpython-310.pyc
/home/hazbot/hazbot/install/driver/lib/python3.10/site-packages/driver/__pycache__/odometry.cpython-310.pyc
/home/hazbot/hazbot/install/driver/share/ament_index/resource_index/packages/driver
/home/hazbot/hazbot/install/driver/share/driver/package.xml
/home/hazbot/hazbot/install/driver/share/driver/launch/navigation.launch.py
/home/hazbot/hazbot/install/driver/share/driver/urdf
/home/hazbot/hazbot/install/driver/share/driver/config/nav2_params.yaml
/home/hazbot/hazbot/install/driver/lib/python3.10/site-packages/driver-0.0.0-py3.10.egg-info/dependency_links.txt
/home/hazbot/hazbot/install/driver/lib/python3.10/site-packages/driver-0.0.0-py3.10.egg-info/entry_points.txt
/home/hazbot/hazbot/install/driver/lib/python3.10/site-packages/driver-0.0.0-py3.10.egg-info/top_level.txt
/home/hazbot/hazbot/install/driver/lib/python3.10/site-packages/driver-0.0.0-py3.10.egg-info/zip-safe
/home/hazbot/hazbot/install/driver/lib/python3.10/site-packages/driver-0.0.0-py3.10.egg-info/PKG-INFO
/home/hazbot/hazbot/install/driver/lib/python3.10/site-packages/driver-0.0.0-py3.10.egg-info/SOURCES.txt
/home/hazbot/hazbot/install/driver/lib/python3.10/site-packages/driver-0.0.0-py3.10.egg-info/requires.txt
/home/hazbot/hazbot/install/driver/lib/driver/motor_controller
/home/hazbot/hazbot/install/driver/lib/driver/odometry
