Built target ament_cmake_python_copy_dobot_m1
running egg_info
writing manifest file 'dobot_m1.egg-info/SOURCES.txt'
Built target ament_cmake_python_build_dobot_m1_egg
-- Install configuration: ""
-- Up-to-date: /home/hazbot/hazbot/install/dobot_m1/share/dobot_m1/environment/pythonpath.sh
-- Up-to-date: /home/hazbot/hazbot/install/dobot_m1/share/dobot_m1/environment/pythonpath.dsv
-- Up-to-date: /home/hazbot/hazbot/install/dobot_m1/local/lib/python3.10/dist-packages/dobot_m1-0.0.1-py3.10.egg-info
-- Installing: /home/hazbot/hazbot/install/dobot_m1/local/lib/python3.10/dist-packages/dobot_m1-0.0.1-py3.10.egg-info/dependency_links.txt
-- Installing: /home/hazbot/hazbot/install/dobot_m1/local/lib/python3.10/dist-packages/dobot_m1-0.0.1-py3.10.egg-info/top_level.txt
-- Installing: /home/hazbot/hazbot/install/dobot_m1/local/lib/python3.10/dist-packages/dobot_m1-0.0.1-py3.10.egg-info/PKG-INFO
-- Installing: /home/hazbot/hazbot/install/dobot_m1/local/lib/python3.10/dist-packages/dobot_m1-0.0.1-py3.10.egg-info/SOURCES.txt
-- Up-to-date: /home/hazbot/hazbot/install/dobot_m1/local/lib/python3.10/dist-packages/dobot_m1
-- Up-to-date: /home/hazbot/hazbot/install/dobot_m1/local/lib/python3.10/dist-packages/dobot_m1/__init__.py
Listing '/home/hazbot/hazbot/install/dobot_m1/local/lib/python3.10/dist-packages/dobot_m1'...
-- Up-to-date: /home/hazbot/hazbot/install/dobot_m1/lib/dobot_m1/m1_controller_node.py
-- Up-to-date: /home/hazbot/hazbot/install/dobot_m1/share/dobot_m1/launch
-- Installing: /home/hazbot/hazbot/install/dobot_m1/share/dobot_m1/launch/m1_controller.launch.py
-- Up-to-date: /home/hazbot/hazbot/install/dobot_m1/lib/
-- Up-to-date: /home/hazbot/hazbot/install/dobot_m1/lib//DobotDll_x64
-- Up-to-date: /home/hazbot/hazbot/install/dobot_m1/lib//DobotDll_x64/libQt5SerialPort.so
-- Up-to-date: /home/hazbot/hazbot/install/dobot_m1/lib//DobotDll_x64/libQt5Network.so.5.6.0
-- Up-to-date: /home/hazbot/hazbot/install/dobot_m1/lib//DobotDll_x64/libQt5Network.la
-- Up-to-date: /home/hazbot/hazbot/install/dobot_m1/lib//DobotDll_x64/libicui18n.so.56.1
-- Up-to-date: /home/hazbot/hazbot/install/dobot_m1/lib//DobotDll_x64/libicudata.so.56
-- Up-to-date: /home/hazbot/hazbot/install/dobot_m1/lib//DobotDll_x64/libDobotDllM1.so
-- Up-to-date: /home/hazbot/hazbot/install/dobot_m1/lib//DobotDll_x64/libicui18n.so.56
-- Up-to-date: /home/hazbot/hazbot/install/dobot_m1/lib//DobotDll_x64/libQt5Network.prl
-- Up-to-date: /home/hazbot/hazbot/install/dobot_m1/lib//DobotDll_x64/libDobotDllM1.so.1
-- Up-to-date: /home/hazbot/hazbot/install/dobot_m1/lib//DobotDll_x64/libQt5Core.so.5.6
-- Up-to-date: /home/hazbot/hazbot/install/dobot_m1/lib//DobotDll_x64/libDobotDllM1.so.1.0.0
-- Up-to-date: /home/hazbot/hazbot/install/dobot_m1/lib//DobotDll_x64/libQt5SerialPort.so.5
-- Up-to-date: /home/hazbot/hazbot/install/dobot_m1/lib//DobotDll_x64/libQt5Core.so.5
-- Up-to-date: /home/hazbot/hazbot/install/dobot_m1/lib//DobotDll_x64/libQt5Core.la
-- Up-to-date: /home/hazbot/hazbot/install/dobot_m1/lib//DobotDll_x64/libQt5Core.prl
-- Up-to-date: /home/hazbot/hazbot/install/dobot_m1/lib//DobotDll_x64/libQt5Network.so.5
-- Up-to-date: /home/hazbot/hazbot/install/dobot_m1/lib//DobotDll_x64/libicuuc.so.56
-- Up-to-date: /home/hazbot/hazbot/install/dobot_m1/lib//DobotDll_x64/libQt5Core.so.5.6.0
-- Up-to-date: /home/hazbot/hazbot/install/dobot_m1/lib//DobotDll_x64/libDobotDllM1.so.1.0
-- Up-to-date: /home/hazbot/hazbot/install/dobot_m1/lib//DobotDll_x64/libQt5SerialPort.so.5.6
-- Up-to-date: /home/hazbot/hazbot/install/dobot_m1/lib//DobotDll_x64/libQt5Core.so
-- Up-to-date: /home/hazbot/hazbot/install/dobot_m1/lib//DobotDll_x64/libicudata.so.56.1
-- Up-to-date: /home/hazbot/hazbot/install/dobot_m1/lib//DobotDll_x64/libQt5Network.so
-- Up-to-date: /home/hazbot/hazbot/install/dobot_m1/lib//DobotDll_x64/libQt5SerialPort.so.5.6.0
-- Up-to-date: /home/hazbot/hazbot/install/dobot_m1/lib//DobotDll_x64/README.md
-- Up-to-date: /home/hazbot/hazbot/install/dobot_m1/lib//DobotDll_x64/libicuuc.so.56.1
-- Up-to-date: /home/hazbot/hazbot/install/dobot_m1/lib//DobotDll_x64/libQt5Network.so.5.6
-- Up-to-date: /home/hazbot/hazbot/install/dobot_m1/share/ament_index/resource_index/package_run_dependencies/dobot_m1
-- Up-to-date: /home/hazbot/hazbot/install/dobot_m1/share/ament_index/resource_index/parent_prefix_path/dobot_m1
-- Up-to-date: /home/hazbot/hazbot/install/dobot_m1/share/dobot_m1/environment/ament_prefix_path.dsv
-- Up-to-date: /home/hazbot/hazbot/install/dobot_m1/share/dobot_m1/environment/path.dsv
-- Up-to-date: /home/hazbot/hazbot/install/dobot_m1/share/dobot_m1/local_setup.bash
-- Up-to-date: /home/hazbot/hazbot/install/dobot_m1/share/dobot_m1/local_setup.sh
-- Up-to-date: /home/hazbot/hazbot/install/dobot_m1/share/dobot_m1/local_setup.zsh
-- Up-to-date: /home/hazbot/hazbot/install/dobot_m1/share/dobot_m1/local_setup.dsv
-- Installing: /home/hazbot/hazbot/install/dobot_m1/share/dobot_m1/package.dsv
-- Up-to-date: /home/hazbot/hazbot/install/dobot_m1/share/ament_index/resource_index/packages/dobot_m1
-- Up-to-date: /home/hazbot/hazbot/install/dobot_m1/share/dobot_m1/cmake/dobot_m1Config.cmake
-- Up-to-date: /home/hazbot/hazbot/install/dobot_m1/share/dobot_m1/cmake/dobot_m1Config-version.cmake
-- Up-to-date: /home/hazbot/hazbot/install/dobot_m1/share/dobot_m1/package.xml
