-- The C compiler identification is GNU 11.4.0
-- The CXX compiler identification is GNU 11.4.0
-- Detecting C compiler ABI info
-- Detecting C compiler ABI info - done
-- Check for working C compiler: /usr/bin/cc - skipped
-- Detecting C compile features
-- Detecting C compile features - done
-- Detecting CXX compiler ABI info
-- Detecting CXX compiler ABI info - done
-- Check for working CXX compiler: /usr/bin/c++ - skipped
-- Detecting CXX compile features
-- Detecting CXX compile features - done
-- Found ament_cmake: 1.3.11 (/home/hazbot/ros2_humble/install/ament_cmake/share/ament_cmake/cmake)
-- Found Python3: /usr/bin/python3 (found version "3.10.12") found components: Interpreter 
-- Found rclpy: 3.3.16 (/home/hazbot/ros2_humble/install/rclpy/share/rclpy/cmake)
-- Found sensor_msgs: 4.8.0 (/home/hazbot/ros2_humble/install/sensor_msgs/share/sensor_msgs/cmake)
-- Found rosidl_generator_c: 3.1.6 (/home/hazbot/ros2_humble/install/rosidl_generator_c/share/rosidl_generator_c/cmake)
-- Found rosidl_adapter: 3.1.6 (/home/hazbot/ros2_humble/install/rosidl_adapter/share/rosidl_adapter/cmake)
-- Found rosidl_generator_cpp: 3.1.6 (/home/hazbot/ros2_humble/install/rosidl_generator_cpp/share/rosidl_generator_cpp/cmake)
-- Using all available rosidl_typesupport_c: rosidl_typesupport_introspection_c;rosidl_typesupport_fastrtps_c
-- Using all available rosidl_typesupport_cpp: rosidl_typesupport_introspection_cpp;rosidl_typesupport_fastrtps_cpp
-- Found ament_lint_auto: 0.12.12 (/home/hazbot/ros2_humble/install/ament_lint_auto/share/ament_lint_auto/cmake)
-- Added test 'copyright' to check source files copyright and LICENSE
-- Added test 'flake8' to check Python code syntax and style conventions
-- Added test 'lint_cmake' to check CMake code style
-- Added test 'pep257' to check Python code against some of the docstring style conventions in PEP 257
-- Added test 'xmllint' to check XML markup files
-- Configuring done
-- Generating done
-- Build files have been written to: /home/hazbot/hazbot/build/dobot_m1
Built target ament_cmake_python_copy_dobot_m1
running egg_info
creating dobot_m1.egg-info
writing manifest file 'dobot_m1.egg-info/SOURCES.txt'
writing manifest file 'dobot_m1.egg-info/SOURCES.txt'
Built target ament_cmake_python_build_dobot_m1_egg
-- Install configuration: ""
-- Installing: /home/hazbot/hazbot/install/dobot_m1/share/dobot_m1/environment/pythonpath.sh
-- Installing: /home/hazbot/hazbot/install/dobot_m1/share/dobot_m1/environment/pythonpath.dsv
-- Installing: /home/hazbot/hazbot/install/dobot_m1/local/lib/python3.10/dist-packages/dobot_m1-0.0.1-py3.10.egg-info
-- Installing: /home/hazbot/hazbot/install/dobot_m1/local/lib/python3.10/dist-packages/dobot_m1-0.0.1-py3.10.egg-info/dependency_links.txt
-- Installing: /home/hazbot/hazbot/install/dobot_m1/local/lib/python3.10/dist-packages/dobot_m1-0.0.1-py3.10.egg-info/top_level.txt
-- Installing: /home/hazbot/hazbot/install/dobot_m1/local/lib/python3.10/dist-packages/dobot_m1-0.0.1-py3.10.egg-info/PKG-INFO
-- Installing: /home/hazbot/hazbot/install/dobot_m1/local/lib/python3.10/dist-packages/dobot_m1-0.0.1-py3.10.egg-info/SOURCES.txt
-- Installing: /home/hazbot/hazbot/install/dobot_m1/local/lib/python3.10/dist-packages/dobot_m1
-- Installing: /home/hazbot/hazbot/install/dobot_m1/local/lib/python3.10/dist-packages/dobot_m1/__init__.py
Listing '/home/hazbot/hazbot/install/dobot_m1/local/lib/python3.10/dist-packages/dobot_m1'...
Compiling '/home/hazbot/hazbot/install/dobot_m1/local/lib/python3.10/dist-packages/dobot_m1/__init__.py'...
-- Installing: /home/hazbot/hazbot/install/dobot_m1/lib/dobot_m1/m1_controller_node.py
-- Up-to-date: /home/hazbot/hazbot/install/dobot_m1/lib/
-- Installing: /home/hazbot/hazbot/install/dobot_m1/lib//DobotDll_x64
-- Installing: /home/hazbot/hazbot/install/dobot_m1/lib//DobotDll_x64/libQt5SerialPort.so
-- Installing: /home/hazbot/hazbot/install/dobot_m1/lib//DobotDll_x64/libQt5Network.so.5.6.0
-- Installing: /home/hazbot/hazbot/install/dobot_m1/lib//DobotDll_x64/libQt5Network.la
-- Installing: /home/hazbot/hazbot/install/dobot_m1/lib//DobotDll_x64/libicui18n.so.56.1
-- Installing: /home/hazbot/hazbot/install/dobot_m1/lib//DobotDll_x64/libicudata.so.56
-- Installing: /home/hazbot/hazbot/install/dobot_m1/lib//DobotDll_x64/libDobotDllM1.so
-- Installing: /home/hazbot/hazbot/install/dobot_m1/lib//DobotDll_x64/libicui18n.so.56
-- Installing: /home/hazbot/hazbot/install/dobot_m1/lib//DobotDll_x64/libQt5Network.prl
-- Installing: /home/hazbot/hazbot/install/dobot_m1/lib//DobotDll_x64/libDobotDllM1.so.1
-- Installing: /home/hazbot/hazbot/install/dobot_m1/lib//DobotDll_x64/libQt5Core.so.5.6
-- Installing: /home/hazbot/hazbot/install/dobot_m1/lib//DobotDll_x64/libDobotDllM1.so.1.0.0
-- Installing: /home/hazbot/hazbot/install/dobot_m1/lib//DobotDll_x64/libQt5SerialPort.so.5
-- Installing: /home/hazbot/hazbot/install/dobot_m1/lib//DobotDll_x64/libQt5Core.so.5
-- Installing: /home/hazbot/hazbot/install/dobot_m1/lib//DobotDll_x64/libQt5Core.la
-- Installing: /home/hazbot/hazbot/install/dobot_m1/lib//DobotDll_x64/libQt5Core.prl
-- Installing: /home/hazbot/hazbot/install/dobot_m1/lib//DobotDll_x64/libQt5Network.so.5
-- Installing: /home/hazbot/hazbot/install/dobot_m1/lib//DobotDll_x64/libicuuc.so.56
-- Installing: /home/hazbot/hazbot/install/dobot_m1/lib//DobotDll_x64/libQt5Core.so.5.6.0
-- Installing: /home/hazbot/hazbot/install/dobot_m1/lib//DobotDll_x64/libDobotDllM1.so.1.0
-- Installing: /home/hazbot/hazbot/install/dobot_m1/lib//DobotDll_x64/libQt5SerialPort.so.5.6
-- Installing: /home/hazbot/hazbot/install/dobot_m1/lib//DobotDll_x64/libQt5Core.so
-- Installing: /home/hazbot/hazbot/install/dobot_m1/lib//DobotDll_x64/libicudata.so.56.1
-- Installing: /home/hazbot/hazbot/install/dobot_m1/lib//DobotDll_x64/libQt5Network.so
-- Installing: /home/hazbot/hazbot/install/dobot_m1/lib//DobotDll_x64/libQt5SerialPort.so.5.6.0
-- Installing: /home/hazbot/hazbot/install/dobot_m1/lib//DobotDll_x64/README.md
-- Installing: /home/hazbot/hazbot/install/dobot_m1/lib//DobotDll_x64/libicuuc.so.56.1
-- Installing: /home/hazbot/hazbot/install/dobot_m1/lib//DobotDll_x64/libQt5Network.so.5.6
-- Installing: /home/hazbot/hazbot/install/dobot_m1/share/ament_index/resource_index/package_run_dependencies/dobot_m1
-- Installing: /home/hazbot/hazbot/install/dobot_m1/share/ament_index/resource_index/parent_prefix_path/dobot_m1
-- Installing: /home/hazbot/hazbot/install/dobot_m1/share/dobot_m1/environment/ament_prefix_path.sh
-- Installing: /home/hazbot/hazbot/install/dobot_m1/share/dobot_m1/environment/ament_prefix_path.dsv
-- Installing: /home/hazbot/hazbot/install/dobot_m1/share/dobot_m1/environment/path.sh
-- Installing: /home/hazbot/hazbot/install/dobot_m1/share/dobot_m1/environment/path.dsv
-- Installing: /home/hazbot/hazbot/install/dobot_m1/share/dobot_m1/local_setup.bash
-- Installing: /home/hazbot/hazbot/install/dobot_m1/share/dobot_m1/local_setup.sh
-- Installing: /home/hazbot/hazbot/install/dobot_m1/share/dobot_m1/local_setup.zsh
-- Installing: /home/hazbot/hazbot/install/dobot_m1/share/dobot_m1/local_setup.dsv
-- Installing: /home/hazbot/hazbot/install/dobot_m1/share/dobot_m1/package.dsv
-- Installing: /home/hazbot/hazbot/install/dobot_m1/share/ament_index/resource_index/packages/dobot_m1
-- Installing: /home/hazbot/hazbot/install/dobot_m1/share/dobot_m1/cmake/dobot_m1Config.cmake
-- Installing: /home/hazbot/hazbot/install/dobot_m1/share/dobot_m1/cmake/dobot_m1Config-version.cmake
-- Installing: /home/hazbot/hazbot/install/dobot_m1/share/dobot_m1/package.xml
